Unity Editor version:    2020.3.17f1 (a4537701e4ab)
Branch:                  2020.3/staging
Build type:              Release
Batch mode:              YES
macOS version:           Version 11.5.1 (Build 20G80)
Darwin version:          20.6.0
Architecture:            x86_64
Running under Rosetta:   NO
Available memory:        8192 MB
Using pre-set license
Pro License: NO

COMMAND LINE ARGUMENTS:
/Applications/Unity/Hub/Editor/2020.3.17f1/Unity.app/Contents/MacOS/Unity
-adb2
-batchMode
-noUpm
-name
AssetImportWorker0
-projectPath
/Users/phuongdungnguyen/Desktop/TAMK/First year/Summer/GameCamp/Tilemaps
-logFile
Logs/AssetImportWorker0.log
-srvPort
65309
Successfully changed project path to: /Users/phuongdungnguyen/Desktop/TAMK/First year/Summer/GameCamp/Tilemaps
/Users/phuongdungnguyen/Desktop/TAMK/First year/Summer/GameCamp/Tilemaps
Using Asset Import Pipeline V2.
Refreshing native plugins compatible for Editor in 81.29 ms, found 3 plugins.
Preloading 0 native plugins for Editor in 0.00 ms.
Initialize engine version: 2020.3.17f1 (a4537701e4ab)
[Subsystems] Discovering subsystems at path /Applications/Unity/Hub/Editor/2020.3.17f1/Unity.app/Contents/Resources/UnitySubsystems
[Subsystems] Discovering subsystems at path /Users/phuongdungnguyen/Desktop/TAMK/First year/Summer/GameCamp/Tilemaps/Assets
GfxDevice: creating device client; threaded=0
2021-09-24 09:10:31.368 Unity[92514:5606532] Color LCD preferred device: Intel(R) Iris(TM) Plus Graphics 640 (low power)
2021-09-24 09:10:31.368 Unity[92514:5606532] Metal devices available: 1
2021-09-24 09:10:31.368 Unity[92514:5606532] 0: Intel(R) Iris(TM) Plus Graphics 640 (low power)
2021-09-24 09:10:31.368 Unity[92514:5606532] Using device Intel(R) Iris(TM) Plus Graphics 640 (low power)
Initializing Metal device caps: Intel(R) Iris(TM) Plus Graphics 640
Initialize mono
Mono path[0] = '/Applications/Unity/Hub/Editor/2020.3.17f1/Unity.app/Contents/Managed'
Mono path[1] = '/Applications/Unity/Hub/Editor/2020.3.17f1/Unity.app/Contents/MonoBleedingEdge/lib/mono/unityjit'
Mono config path = '/Applications/Unity/Hub/Editor/2020.3.17f1/Unity.app/Contents/MonoBleedingEdge/etc'
Using monoOptions --debugger-agent=transport=dt_socket,embedding=1,server=y,suspend=n,address=127.0.0.1:56514
Begin MonoManager ReloadAssembly
Registering precompiled unity dll's ...
Register platform support module: /Applications/Unity/Hub/Editor/2020.3.17f1/PlaybackEngines/WebGLSupport/UnityEditor.WebGL.Extensions.dll
Register platform support module: /Applications/Unity/Hub/Editor/2020.3.17f1/Unity.app/Contents/PlaybackEngines/MacStandaloneSupport/UnityEditor.OSXStandalone.Extensions.dll
Register platform support module: /Applications/Unity/Hub/Editor/2020.3.17f1/PlaybackEngines/WindowsStandaloneSupport/UnityEditor.WindowsStandalone.Extensions.dll
Register platform support module: /Applications/Unity/Hub/Editor/2020.3.17f1/PlaybackEngines/LinuxStandaloneSupport/UnityEditor.LinuxStandalone.Extensions.dll
Registered in 0.003395 seconds.
Native extension for LinuxStandalone target not found
Native extension for WindowsStandalone target not found
Native extension for OSXStandalone target not found
Native extension for WebGL target not found
Refreshing native plugins compatible for Editor in 72.95 ms, found 3 plugins.
Preloading 0 native plugins for Editor in 0.00 ms.
Mono: successfully reloaded assembly
- Completed reload, in  4.153 seconds
Domain Reload Profiling:
	ReloadAssembly (4153ms)
		BeginReloadAssembly (129ms)
			ExecutionOrderSort (0ms)
			DisableScriptedObjects (0ms)
			BackupInstance (0ms)
			ReleaseScriptingObjects (0ms)
			CreateAndSetChildDomain (2ms)
		EndReloadAssembly (912ms)
			LoadAssemblies (130ms)
			RebuildTransferFunctionScriptingTraits (3ms)
			SetupTypeCache (397ms)
			ReleaseScriptCaches (0ms)
			RebuildScriptCaches (71ms)
			SetupLoadedEditorAssemblies (338ms)
				LogAssemblyErrors (0ms)
				InitializePlatformSupportModulesInManaged (12ms)
				SetLoadedEditorAssemblies (0ms)
				RefreshPlugins (73ms)
				BeforeProcessingInitializeOnLoad (14ms)
				ProcessInitializeOnLoadAttributes (186ms)
				ProcessInitializeOnLoadMethodAttributes (52ms)
				AfterProcessingInitializeOnLoad (0ms)
				EditorAssembliesLoaded (0ms)
			ExecutionOrderSort2 (0ms)
			AwakeInstancesAfterBackupRestoration (0ms)
Platform modules already initialized, skipping
Registering precompiled user dll's ...
Registered in 0.009375 seconds.
Begin MonoManager ReloadAssembly
Native extension for LinuxStandalone target not found
Native extension for WindowsStandalone target not found
Native extension for OSXStandalone target not found
Native extension for WebGL target not found
Refreshing native plugins compatible for Editor in 80.97 ms, found 3 plugins.
Preloading 0 native plugins for Editor in 0.00 ms.
Mono: successfully reloaded assembly
- Completed reload, in  3.488 seconds
Domain Reload Profiling:
	ReloadAssembly (3490ms)
		BeginReloadAssembly (425ms)
			ExecutionOrderSort (0ms)
			DisableScriptedObjects (7ms)
			BackupInstance (0ms)
			ReleaseScriptingObjects (0ms)
			CreateAndSetChildDomain (76ms)
		EndReloadAssembly (2883ms)
			LoadAssemblies (213ms)
			RebuildTransferFunctionScriptingTraits (0ms)
			SetupTypeCache (1469ms)
			ReleaseScriptCaches (1ms)
			RebuildScriptCaches (140ms)
			SetupLoadedEditorAssemblies (801ms)
				LogAssemblyErrors (0ms)
				InitializePlatformSupportModulesInManaged (14ms)
				SetLoadedEditorAssemblies (1ms)
				RefreshPlugins (81ms)
				BeforeProcessingInitializeOnLoad (103ms)
				ProcessInitializeOnLoadAttributes (578ms)
				ProcessInitializeOnLoadMethodAttributes (22ms)
				AfterProcessingInitializeOnLoad (2ms)
				EditorAssembliesLoaded (0ms)
			ExecutionOrderSort2 (0ms)
			AwakeInstancesAfterBackupRestoration (15ms)
Platform modules already initialized, skipping
Validating Project structure ... 0.000320 seconds.
Shader import version has changed; will reimport all shaders...
Upgrading shader files ...0.000302 seconds.
Application.AssetDatabase Initial Script Refresh Start
RefreshInfo: InitialScriptRefreshV2(NoUpdateAssetOptions) scanfilter:  ... 1 filters
RefreshProfiler: Total: 0.000ms
Application.AssetDatabase Initial Script Refresh End
Application.AssetDatabase.Refresh Start
Application.AssetDatabase.Refresh End
RefreshInfo: StopAssetImportingV2(ForceSynchronousImport) scanfilter: 
RefreshProfiler: Total: 0.000ms
Launching external process: /Applications/Unity/Hub/Editor/2020.3.17f1/Unity.app/Contents/Tools/UnityShaderCompiler
Launched and connected shader compiler UnityShaderCompiler after 0.03 seconds
Initializing Unity extensions:
========================================================================
Worker process is ready to serve import requests
Refreshing native plugins compatible for Editor in 0.83 ms, found 3 plugins.
Preloading 0 native plugins for Editor in 0.00 ms.
Unloading 2092 Unused Serialized files (Serialized files now loaded: 0)
System memory in use before: 195.2 MB.
System memory in use after: 194.4 MB.

Unloading 101 unused Assets to reduce memory usage. Loaded Objects now: 2568.
Total: 12.324443 ms (FindLiveObjects: 2.685808 ms CreateObjectMapping: 0.333198 ms MarkObjects: 8.704724 ms  DeleteObjects: 0.598189 ms)

AssetImportParameters requested are different than current active one (requested -> active):
  custom:video-decoder-ogg-theora: a1e56fd34408186e4bbccfd4996cb3dc -> 
  custom:container-muxer-webm: aa71ff27fc2769a1b78a27578f13a17b -> 
  custom:container-demuxer-webm: 4f35f7cbe854078d1ac9338744f61a02 -> 
  custom:container-demuxer-ogg: 62fdf1f143b41e24485cea50d1cbac27 -> 
  custom:video-encoder-webm-vp8: eb34c28f22e8b96e1ab97ce403110664 -> 
  custom:framework-osx-AVFoundation: e770b220cccbd017edd2c1fefb359320 -> 
  custom:video-decoder-webm-vp8: 9c59270c3fd7afecdb556c50c9e8de78 -> 
  custom:audio-decoder-ogg-vorbis: bf7c407c2cedff20999df2af8eb42d56 -> 
  custom:audio-encoder-webm-vorbis: bf7c407c2cedff20999df2af8eb42d56 -> 
========================================================================
Received Import Request.
  path: Assets/Tilemap
  artifactKey: Guid(552eabf3d676e4814afc35f347dc0eda) Importer(815301076,1909f56bfc062723c751e8b465ee728b)
Start importing Assets/Tilemap using Guid(552eabf3d676e4814afc35f347dc0eda) Importer(815301076,1909f56bfc062723c751e8b465ee728b)  -> (artifact id: '71075099bb6f99d9e5a85d26b3ccc749') in 0.006955 seconds 
  Import took 0.011305 seconds .

========================================================================
Received Import Request.
  Time since last request: 8.586946 seconds.
  path: Assets/Tilemap/tilemap-Coral.png
  artifactKey: Guid(914b6a4ea97d44d2c87c8b476b8d2572) Importer(815301076,1909f56bfc062723c751e8b465ee728b)
Start importing Assets/Tilemap/tilemap-Coral.png using Guid(914b6a4ea97d44d2c87c8b476b8d2572) Importer(815301076,1909f56bfc062723c751e8b465ee728b)  -> (artifact id: '7f29ce981f77078eaea0c92d8d07670d') in 1.831461 seconds 
  Import took 1.838396 seconds .

========================================================================
Received Import Request.
  Time since last request: 965.873385 seconds.
  path: Assets/Tilemap/Tilemap.png
  artifactKey: Guid(5011019f9ea8a46eab28a1d126ccabc6) Importer(815301076,1909f56bfc062723c751e8b465ee728b)
Start importing Assets/Tilemap/Tilemap.png using Guid(5011019f9ea8a46eab28a1d126ccabc6) Importer(815301076,1909f56bfc062723c751e8b465ee728b)  -> (artifact id: '5094b1bbad25dd3db51ad8285db0138f') in 0.225010 seconds 
  Import took 0.388711 seconds .

========================================================================
Received Import Request.
  Time since last request: 13.519653 seconds.
  path: Assets/Tilemap/Tilemap.png
  artifactKey: Guid(5011019f9ea8a46eab28a1d126ccabc6) Importer(815301076,1909f56bfc062723c751e8b465ee728b)
Start importing Assets/Tilemap/Tilemap.png using Guid(5011019f9ea8a46eab28a1d126ccabc6) Importer(815301076,1909f56bfc062723c751e8b465ee728b)  -> (artifact id: '35a307f23fe70f2a8427863cc8030310') in 0.028830 seconds 
  Import took 0.037494 seconds .

========================================================================
Received Import Request.
  Time since last request: 37.638217 seconds.
  path: Assets/Tilemap/Tilemap.png
  artifactKey: Guid(5011019f9ea8a46eab28a1d126ccabc6) Importer(815301076,1909f56bfc062723c751e8b465ee728b)
Start importing Assets/Tilemap/Tilemap.png using Guid(5011019f9ea8a46eab28a1d126ccabc6) Importer(815301076,1909f56bfc062723c751e8b465ee728b)  -> (artifact id: '324feae4136cfc373b2da5cd4596e2c7') in 0.244680 seconds 
  Import took 0.251517 seconds .

========================================================================
Received Import Request.
  Time since last request: 65.846354 seconds.
  path: Assets/Tilemap/Tilemap.png
  artifactKey: Guid(5011019f9ea8a46eab28a1d126ccabc6) Importer(815301076,1909f56bfc062723c751e8b465ee728b)
Start importing Assets/Tilemap/Tilemap.png using Guid(5011019f9ea8a46eab28a1d126ccabc6) Importer(815301076,1909f56bfc062723c751e8b465ee728b)  -> (artifact id: '4befc585179f11219e29aac0e3e9ffcd') in 0.174518 seconds 
  Import took 0.180765 seconds .

========================================================================
Received Import Request.
  Time since last request: 374.589155 seconds.
  path: Assets/Tilemap/House and stuff.prefab
  artifactKey: Guid(fcf2d750f593048a2b209eada1a92b25) Importer(815301076,1909f56bfc062723c751e8b465ee728b)
Start importing Assets/Tilemap/House and stuff.prefab using Guid(fcf2d750f593048a2b209eada1a92b25) Importer(815301076,1909f56bfc062723c751e8b465ee728b)  -> (artifact id: 'ccf5f5eee0b38842e23e13c0cf38aedd') in 2.283812 seconds 
  Import took 2.332673 seconds .

========================================================================
Received Import Request.
  Time since last request: 10.225558 seconds.
  path: Assets/Tilemap/House and stuff.prefab
  artifactKey: Guid(fcf2d750f593048a2b209eada1a92b25) Importer(815301076,1909f56bfc062723c751e8b465ee728b)
Start importing Assets/Tilemap/House and stuff.prefab using Guid(fcf2d750f593048a2b209eada1a92b25) Importer(815301076,1909f56bfc062723c751e8b465ee728b)  -> (artifact id: '165e55f1c0abca7207d22eaaf3987657') in 0.021030 seconds 
  Import took 0.028013 seconds .

========================================================================
Received Import Request.
  Time since last request: 6.551864 seconds.
  path: Assets/Tilemap/Corner1.asset
  artifactKey: Guid(26117df98872a494ca89af2f703683e8) Importer(815301076,1909f56bfc062723c751e8b465ee728b)
Start importing Assets/Tilemap/Corner1.asset using Guid(26117df98872a494ca89af2f703683e8) Importer(815301076,1909f56bfc062723c751e8b465ee728b)  -> (artifact id: '9ce91438c4556f731403186d330f874d') in 1.119476 seconds 
  Import took 1.125521 seconds .

========================================================================
Received Import Request.
  Time since last request: 0.004652 seconds.
  path: Assets/Tilemap/House1.asset
  artifactKey: Guid(ef1d391ee06bf4815865b4b35a3368aa) Importer(815301076,1909f56bfc062723c751e8b465ee728b)
Start importing Assets/Tilemap/House1.asset using Guid(ef1d391ee06bf4815865b4b35a3368aa) Importer(815301076,1909f56bfc062723c751e8b465ee728b)  -> (artifact id: 'fe3408115e414afd733d3813147c6232') in 0.013155 seconds 
  Import took 0.020286 seconds .

========================================================================
Received Import Request.
  Time since last request: 0.000255 seconds.
  path: Assets/Tilemap/Tilemap_22.asset
  artifactKey: Guid(6c3834dca429b4750a6d56b2fe968964) Importer(815301076,1909f56bfc062723c751e8b465ee728b)
Start importing Assets/Tilemap/Tilemap_22.asset using Guid(6c3834dca429b4750a6d56b2fe968964) Importer(815301076,1909f56bfc062723c751e8b465ee728b)  -> (artifact id: '438b69641f987e4741fd0aa8021cfd84') in 0.027041 seconds 
  Import took 0.034466 seconds .

========================================================================
Received Import Request.
  Time since last request: 0.000235 seconds.
  path: Assets/Tilemap/Tree2.asset
  artifactKey: Guid(f98e217e894cd453cb89c95dd0573038) Importer(815301076,1909f56bfc062723c751e8b465ee728b)
Start importing Assets/Tilemap/Tree2.asset using Guid(f98e217e894cd453cb89c95dd0573038) Importer(815301076,1909f56bfc062723c751e8b465ee728b)  -> (artifact id: 'f87cca6a78185e6bd8243fec1d2acc92') in 0.016229 seconds 
  Import took 0.022158 seconds .

========================================================================
Received Import Request.
  Time since last request: 0.000297 seconds.
  path: Assets/Tilemap/Tilemap_16.asset
  artifactKey: Guid(1f47673ca0a784d16ac4a23b1a23213f) Importer(815301076,1909f56bfc062723c751e8b465ee728b)
Start importing Assets/Tilemap/Tilemap_16.asset using Guid(1f47673ca0a784d16ac4a23b1a23213f) Importer(815301076,1909f56bfc062723c751e8b465ee728b)  -> (artifact id: '77470e76f521e9b4fd4a32052099f7a6') in 0.019692 seconds 
  Import took 0.027722 seconds .

========================================================================
Received Import Request.
  Time since last request: 0.000252 seconds.
  path: Assets/Tilemap/Tilemap_14.asset
  artifactKey: Guid(493f7696202fb40bbafea42d2c14b4d9) Importer(815301076,1909f56bfc062723c751e8b465ee728b)
Start importing Assets/Tilemap/Tilemap_14.asset using Guid(493f7696202fb40bbafea42d2c14b4d9) Importer(815301076,1909f56bfc062723c751e8b465ee728b)  -> (artifact id: '406320e81e9d23129013a0cbfea6c7be') in 0.014785 seconds 
  Import took 0.019656 seconds .

========================================================================
Received Import Request.
  Time since last request: 0.000264 seconds.
  path: Assets/Tilemap/House2.asset
  artifactKey: Guid(0e8c4533f0d4548c89b97f4a11306c31) Importer(815301076,1909f56bfc062723c751e8b465ee728b)
Start importing Assets/Tilemap/House2.asset using Guid(0e8c4533f0d4548c89b97f4a11306c31) Importer(815301076,1909f56bfc062723c751e8b465ee728b)  -> (artifact id: 'a447cc201928151ed7c0d6757119875f') in 0.014209 seconds 
  Import took 0.019110 seconds .

========================================================================
Received Import Request.
  Time since last request: 0.000285 seconds.
  path: Assets/Tilemap/Tilemap_4.asset
  artifactKey: Guid(5d8be4e06e30d4fa3888474764f007db) Importer(815301076,1909f56bfc062723c751e8b465ee728b)
Start importing Assets/Tilemap/Tilemap_4.asset using Guid(5d8be4e06e30d4fa3888474764f007db) Importer(815301076,1909f56bfc062723c751e8b465ee728b)  -> (artifact id: '982b60190ad8c83cf87a38a0241ab019') in 0.012579 seconds 
  Import took 0.016997 seconds .

========================================================================
Received Import Request.
  Time since last request: 0.000305 seconds.
  path: Assets/Tilemap/House4.asset
  artifactKey: Guid(c88eb01b1914340e583a79eee84a1b73) Importer(815301076,1909f56bfc062723c751e8b465ee728b)
Start importing Assets/Tilemap/House4.asset using Guid(c88eb01b1914340e583a79eee84a1b73) Importer(815301076,1909f56bfc062723c751e8b465ee728b)  -> (artifact id: 'c9e6c61d126d0ca5ca02f86cd1ba6250') in 0.013124 seconds 
  Import took 0.017436 seconds .

========================================================================
Received Import Request.
  Time since last request: 0.000301 seconds.
  path: Assets/Tilemap/Tilemap_13.asset
  artifactKey: Guid(f9eaa792e10644592978eb6cbac620e3) Importer(815301076,1909f56bfc062723c751e8b465ee728b)
Start importing Assets/Tilemap/Tilemap_13.asset using Guid(f9eaa792e10644592978eb6cbac620e3) Importer(815301076,1909f56bfc062723c751e8b465ee728b)  -> (artifact id: 'accef732eae487862a13788866519bd4') in 0.023255 seconds 
  Import took 0.028761 seconds .

========================================================================
Received Import Request.
  Time since last request: 0.000376 seconds.
  path: Assets/Tilemap/Tilemap_17.asset
  artifactKey: Guid(b178a3a2a782b413c835620ca0db9c9b) Importer(815301076,1909f56bfc062723c751e8b465ee728b)
Start importing Assets/Tilemap/Tilemap_17.asset using Guid(b178a3a2a782b413c835620ca0db9c9b) Importer(815301076,1909f56bfc062723c751e8b465ee728b)  -> (artifact id: '9e12c436f240fb2c3d8f5a17f597c7dc') in 0.015352 seconds 
  Import took 0.020068 seconds .

========================================================================
Received Import Request.
  Time since last request: 0.000258 seconds.
  path: Assets/Tilemap/Tilemap_21.asset
  artifactKey: Guid(46e751fad8d2f469c8239559e9249ab9) Importer(815301076,1909f56bfc062723c751e8b465ee728b)
Start importing Assets/Tilemap/Tilemap_21.asset using Guid(46e751fad8d2f469c8239559e9249ab9) Importer(815301076,1909f56bfc062723c751e8b465ee728b)  -> (artifact id: 'f058088f6b51b79ba3a9e3ab89f41b14') in 0.018496 seconds 
  Import took 0.024401 seconds .

========================================================================
Received Import Request.
  Time since last request: 0.000828 seconds.
  path: Assets/Tilemap/Tilemap_7.asset
  artifactKey: Guid(163b8830e3d9d4189989b492addc1371) Importer(815301076,1909f56bfc062723c751e8b465ee728b)
Start importing Assets/Tilemap/Tilemap_7.asset using Guid(163b8830e3d9d4189989b492addc1371) Importer(815301076,1909f56bfc062723c751e8b465ee728b)  -> (artifact id: '3925fc281172c99b66027827d1c7e534') in 0.012529 seconds 
  Import took 0.016696 seconds .

========================================================================
Received Import Request.
  Time since last request: 0.000281 seconds.
  path: Assets/Tilemap/Tilemap_12.asset
  artifactKey: Guid(d33b299b319a3496a973bd2fba226306) Importer(815301076,1909f56bfc062723c751e8b465ee728b)
Start importing Assets/Tilemap/Tilemap_12.asset using Guid(d33b299b319a3496a973bd2fba226306) Importer(815301076,1909f56bfc062723c751e8b465ee728b)  -> (artifact id: '9e5dc2f413e85675d058ba9aa5b394eb') in 0.011902 seconds 
  Import took 0.017760 seconds .

========================================================================
Received Import Request.
  Time since last request: 0.000438 seconds.
  path: Assets/Tilemap/Tree1.asset
  artifactKey: Guid(a4c8da19b00a5496594372c448198e8b) Importer(815301076,1909f56bfc062723c751e8b465ee728b)
Start importing Assets/Tilemap/Tree1.asset using Guid(a4c8da19b00a5496594372c448198e8b) Importer(815301076,1909f56bfc062723c751e8b465ee728b)  -> (artifact id: '3ab01e34c81d07ed1dfa7b3661e2582f') in 0.014089 seconds 
  Import took 0.019572 seconds .

========================================================================
Received Import Request.
  Time since last request: 0.000435 seconds.
  path: Assets/Tilemap/Tilemap_9.asset
  artifactKey: Guid(51e0fd84162b74d399ef5213ace0e5e5) Importer(815301076,1909f56bfc062723c751e8b465ee728b)
Start importing Assets/Tilemap/Tilemap_9.asset using Guid(51e0fd84162b74d399ef5213ace0e5e5) Importer(815301076,1909f56bfc062723c751e8b465ee728b)  -> (artifact id: 'cf591a2b90bfb4ca3d9ea245b2046a85') in 0.015933 seconds 
  Import took 0.021810 seconds .

========================================================================
Received Import Request.
  Time since last request: 0.001458 seconds.
  path: Assets/Tilemap/Tilemap_8.asset
  artifactKey: Guid(45fed2e58f2904c2aa87f615654216bf) Importer(815301076,1909f56bfc062723c751e8b465ee728b)
Start importing Assets/Tilemap/Tilemap_8.asset using Guid(45fed2e58f2904c2aa87f615654216bf) Importer(815301076,1909f56bfc062723c751e8b465ee728b)  -> (artifact id: '722fe3b1508846b49851cf68099c9fdd') in 0.017175 seconds 
  Import took 0.023401 seconds .

========================================================================
Received Import Request.
  Time since last request: 0.000390 seconds.
  path: Assets/Tilemap/Tilemap_18.asset
  artifactKey: Guid(06c3a81ae8bac4da4983c0989a8a112d) Importer(815301076,1909f56bfc062723c751e8b465ee728b)
Start importing Assets/Tilemap/Tilemap_18.asset using Guid(06c3a81ae8bac4da4983c0989a8a112d) Importer(815301076,1909f56bfc062723c751e8b465ee728b)  -> (artifact id: 'a6c4d61e6ba68bc6055aa0c7ac0cbf76') in 0.014421 seconds 
  Import took 0.019430 seconds .

========================================================================
Received Import Request.
  Time since last request: 0.000280 seconds.
  path: Assets/Tilemap/House and stuff.prefab
  artifactKey: Guid(fcf2d750f593048a2b209eada1a92b25) Importer(815301076,1909f56bfc062723c751e8b465ee728b)
Start importing Assets/Tilemap/House and stuff.prefab using Guid(fcf2d750f593048a2b209eada1a92b25) Importer(815301076,1909f56bfc062723c751e8b465ee728b)  -> (artifact id: '636dec6d53ed677c173aafa266ba7dcb') in 0.053702 seconds 
  Import took 0.059143 seconds .

========================================================================
Received Import Request.
  Time since last request: 0.000468 seconds.
  path: Assets/Tilemap/Tilemap_20.asset
  artifactKey: Guid(994719a1693ed41458b6ff9237920628) Importer(815301076,1909f56bfc062723c751e8b465ee728b)
Start importing Assets/Tilemap/Tilemap_20.asset using Guid(994719a1693ed41458b6ff9237920628) Importer(815301076,1909f56bfc062723c751e8b465ee728b)  -> (artifact id: 'f4fdf77418e98ca68193997cfceb69c8') in 0.019645 seconds 
  Import took 0.025605 seconds .

========================================================================
Received Import Request.
  Time since last request: 0.000264 seconds.
  path: Assets/Tilemap/Tilemap_3.asset
  artifactKey: Guid(a8243189865774da4b2bf21c6cb858a9) Importer(815301076,1909f56bfc062723c751e8b465ee728b)
Start importing Assets/Tilemap/Tilemap_3.asset using Guid(a8243189865774da4b2bf21c6cb858a9) Importer(815301076,1909f56bfc062723c751e8b465ee728b)  -> (artifact id: '85df5e172614528a4b805bb655467ece') in 0.015502 seconds 
  Import took 0.022307 seconds .

========================================================================
Received Import Request.
  Time since last request: 0.000296 seconds.
  path: Assets/Tilemap/House3.asset
  artifactKey: Guid(f2c8c8abe9c0944d3b0bdeee99be4189) Importer(815301076,1909f56bfc062723c751e8b465ee728b)
Start importing Assets/Tilemap/House3.asset using Guid(f2c8c8abe9c0944d3b0bdeee99be4189) Importer(815301076,1909f56bfc062723c751e8b465ee728b)  -> (artifact id: '138f184d36ae25eea87e3deb5d9edc36') in 0.012961 seconds 
  Import took 0.018775 seconds .

========================================================================
Received Import Request.
  Time since last request: 0.000261 seconds.
  path: Assets/Tilemap/Tilemap_19.asset
  artifactKey: Guid(e4a5e612f5b854c188f6be1153f23093) Importer(815301076,1909f56bfc062723c751e8b465ee728b)
Start importing Assets/Tilemap/Tilemap_19.asset using Guid(e4a5e612f5b854c188f6be1153f23093) Importer(815301076,1909f56bfc062723c751e8b465ee728b)  -> (artifact id: '98474693f130065f4a6c38ebbff6508d') in 0.014563 seconds 
  Import took 0.019077 seconds .

========================================================================
Received Import Request.
  Time since last request: 0.000270 seconds.
  path: Assets/Tilemap/Tilemap_15.asset
  artifactKey: Guid(228dbcb2e03254560985693c4ec2f1a5) Importer(815301076,1909f56bfc062723c751e8b465ee728b)
Start importing Assets/Tilemap/Tilemap_15.asset using Guid(228dbcb2e03254560985693c4ec2f1a5) Importer(815301076,1909f56bfc062723c751e8b465ee728b)  -> (artifact id: '5d49551a6df06317d6d5801183a0cfcf') in 0.021321 seconds 
  Import took 0.025858 seconds .

========================================================================
Received Import Request.
  Time since last request: 134.382876 seconds.
  path: Packages/com.unity.2d.tilemap/Editor/Unity.2D.Tilemap.Editor.asmdef
  artifactKey: Guid(3a9781db4804a9945b9883f3a7c46d45) Importer(815301076,1909f56bfc062723c751e8b465ee728b)
Start importing Packages/com.unity.2d.tilemap/Editor/Unity.2D.Tilemap.Editor.asmdef using Guid(3a9781db4804a9945b9883f3a7c46d45) Importer(815301076,1909f56bfc062723c751e8b465ee728b)  -> (artifact id: '86df9f85098986b5c3bc9f164a1f4748') in 0.283761 seconds 
  Import took 0.289243 seconds .

========================================================================
Received Import Request.
  Time since last request: 0.004370 seconds.
  path: Packages/com.unity.2d.tilemap/Editor/Unity.2D.Tilemap.Editor.asmdef
  artifactKey: Guid(3a9781db4804a9945b9883f3a7c46d45) Importer(815301076,1909f56bfc062723c751e8b465ee728b)
Start importing Packages/com.unity.2d.tilemap/Editor/Unity.2D.Tilemap.Editor.asmdef using Guid(3a9781db4804a9945b9883f3a7c46d45) Importer(815301076,1909f56bfc062723c751e8b465ee728b)  -> (artifact id: '86df9f85098986b5c3bc9f164a1f4748') in 0.002055 seconds 
  Import took 0.007780 seconds .

========================================================================
Received Import Request.
  Time since last request: 5.266183 seconds.
  path: Packages/com.unity.2d.tilemap/Editor/GridBrushesDropdown.cs
  artifactKey: Guid(e61b787c9f6984746a82ecf444056814) Importer(815301076,1909f56bfc062723c751e8b465ee728b)
Start importing Packages/com.unity.2d.tilemap/Editor/GridBrushesDropdown.cs using Guid(e61b787c9f6984746a82ecf444056814) Importer(815301076,1909f56bfc062723c751e8b465ee728b)  -> (artifact id: '48abed1c0eef22eb3eab1fecf8879d21') in 0.471891 seconds 
  Import took 0.477348 seconds .

========================================================================
Received Import Request.
  Time since last request: 1546.583269 seconds.
  path: Assets/New Folder
  artifactKey: Guid(3dca19dcb8c9d4fa893b9f5de6089f29) Importer(815301076,1909f56bfc062723c751e8b465ee728b)
Start importing Assets/New Folder using Guid(3dca19dcb8c9d4fa893b9f5de6089f29) Importer(815301076,1909f56bfc062723c751e8b465ee728b)  -> (artifact id: '658c01ca3e2a95481b1f469defe29bb6') in 0.035813 seconds 
  Import took 0.161202 seconds .

========================================================================
Received Import Request.
  Time since last request: 23.522767 seconds.
  path: Assets/Characters
  artifactKey: Guid(3dca19dcb8c9d4fa893b9f5de6089f29) Importer(815301076,1909f56bfc062723c751e8b465ee728b)
Start importing Assets/Characters using Guid(3dca19dcb8c9d4fa893b9f5de6089f29) Importer(815301076,1909f56bfc062723c751e8b465ee728b)  -> (artifact id: '72bd8cbcaf77d9764d9383cbce6c1369') in 0.004234 seconds 
  Import took 0.011895 seconds .

========================================================================
Received Import Request.
  Time since last request: 44.053056 seconds.
  path: Assets/Characters/Burb.psb
  artifactKey: Guid(601a47663eb8f473497f69fa424ec166) Importer(815301076,1909f56bfc062723c751e8b465ee728b)
Start importing Assets/Characters/Burb.psb using Guid(601a47663eb8f473497f69fa424ec166) Importer(815301076,1909f56bfc062723c751e8b465ee728b)  -> (artifact id: '9e7f148d1409722d87c3d67fb93ab7d3') in 0.929093 seconds 
  Import took 0.936668 seconds .

========================================================================
Received Import Request.
  Time since last request: 21.178860 seconds.
  path: Assets/Characters/Burb.psb
  artifactKey: Guid(601a47663eb8f473497f69fa424ec166) Importer(815301076,1909f56bfc062723c751e8b465ee728b)
Start importing Assets/Characters/Burb.psb using Guid(601a47663eb8f473497f69fa424ec166) Importer(815301076,1909f56bfc062723c751e8b465ee728b)  -> (artifact id: '143c1ce1aec11d93ec5d8e9c81c41aac') in 0.039538 seconds 
  Import took 0.046449 seconds .

========================================================================
Received Import Request.
  Time since last request: 78.851179 seconds.
  path: Assets/Tilemap/House and stuff.prefab
  artifactKey: Guid(fcf2d750f593048a2b209eada1a92b25) Importer(815301076,1909f56bfc062723c751e8b465ee728b)
Start importing Assets/Tilemap/House and stuff.prefab using Guid(fcf2d750f593048a2b209eada1a92b25) Importer(815301076,1909f56bfc062723c751e8b465ee728b)  -> (artifact id: '5e193213bff6e940a7a1b4274d39ea16') in 0.090147 seconds 
  Import took 0.096643 seconds .

========================================================================
Received Import Request.
  Time since last request: 12.350138 seconds.
  path: Assets/Tilemap/House and stuff.prefab
  artifactKey: Guid(fcf2d750f593048a2b209eada1a92b25) Importer(815301076,1909f56bfc062723c751e8b465ee728b)
Start importing Assets/Tilemap/House and stuff.prefab using Guid(fcf2d750f593048a2b209eada1a92b25) Importer(815301076,1909f56bfc062723c751e8b465ee728b)  -> (artifact id: '0276252a14daf6fe0c1fdc0d59cd83fb') in 0.040415 seconds 
  Import took 0.046662 seconds .

========================================================================
Received Prepare
Registering precompiled user dll's ...
Registered in 0.007946 seconds.
Begin MonoManager ReloadAssembly
Native extension for LinuxStandalone target not found
Native extension for WindowsStandalone target not found
Native extension for OSXStandalone target not found
Native extension for WebGL target not found
Refreshing native plugins compatible for Editor in 0.56 ms, found 3 plugins.
Preloading 0 native plugins for Editor in 0.00 ms.
Mono: successfully reloaded assembly
- Completed reload, in  3.542 seconds
Domain Reload Profiling:
	ReloadAssembly (3566ms)
		BeginReloadAssembly (1039ms)
			ExecutionOrderSort (1ms)
			DisableScriptedObjects (103ms)
			BackupInstance (0ms)
			ReleaseScriptingObjects (1ms)
			CreateAndSetChildDomain (694ms)
		EndReloadAssembly (2309ms)
			LoadAssemblies (289ms)
			RebuildTransferFunctionScriptingTraits (4ms)
			SetupTypeCache (871ms)
			ReleaseScriptCaches (1ms)
			RebuildScriptCaches (106ms)
			SetupLoadedEditorAssemblies (799ms)
				LogAssemblyErrors (0ms)
				InitializePlatformSupportModulesInManaged (16ms)
				SetLoadedEditorAssemblies (1ms)
				RefreshPlugins (1ms)
				BeforeProcessingInitializeOnLoad (201ms)
				ProcessInitializeOnLoadAttributes (570ms)
				ProcessInitializeOnLoadMethodAttributes (9ms)
				AfterProcessingInitializeOnLoad (2ms)
				EditorAssembliesLoaded (0ms)
			ExecutionOrderSort2 (0ms)
			AwakeInstancesAfterBackupRestoration (22ms)
Platform modules already initialized, skipping
Refreshing native plugins compatible for Editor in 0.85 ms, found 3 plugins.
Preloading 0 native plugins for Editor in 0.00 ms.
Unloading 2082 Unused Serialized files (Serialized files now loaded: 0)
System memory in use before: 218.5 MB.
System memory in use after: 218.6 MB.

Unloading 17 unused Assets to reduce memory usage. Loaded Objects now: 2590.
Total: 7.902156 ms (FindLiveObjects: 1.104578 ms CreateObjectMapping: 0.313603 ms MarkObjects: 6.450169 ms  DeleteObjects: 0.032232 ms)

AssetImportParameters requested are different than current active one (requested -> active):
  custom:video-decoder-ogg-theora: a1e56fd34408186e4bbccfd4996cb3dc -> 
  custom:container-muxer-webm: aa71ff27fc2769a1b78a27578f13a17b -> 
  custom:container-demuxer-webm: 4f35f7cbe854078d1ac9338744f61a02 -> 
  custom:container-demuxer-ogg: 62fdf1f143b41e24485cea50d1cbac27 -> 
  custom:video-encoder-webm-vp8: eb34c28f22e8b96e1ab97ce403110664 -> 
  custom:framework-osx-AVFoundation: e770b220cccbd017edd2c1fefb359320 -> 
  custom:video-decoder-webm-vp8: 9c59270c3fd7afecdb556c50c9e8de78 -> 
  custom:audio-decoder-ogg-vorbis: bf7c407c2cedff20999df2af8eb42d56 -> 
  custom:audio-encoder-webm-vorbis: bf7c407c2cedff20999df2af8eb42d56 -> 
========================================================================
Received Import Request.
  Time since last request: 335.345323 seconds.
  path: Assets/Scenes
  artifactKey: Guid(65c58cf7afc3a4f8f8bcbc5d3ac7a51f) Importer(815301076,1909f56bfc062723c751e8b465ee728b)
Start importing Assets/Scenes using Guid(65c58cf7afc3a4f8f8bcbc5d3ac7a51f) Importer(815301076,1909f56bfc062723c751e8b465ee728b)  -> (artifact id: '1dfdd6aa6dfe4b4e7fd5ecd881fef55e') in 0.009697 seconds 
  Import took 0.017651 seconds .

========================================================================
Received Import Request.
  Time since last request: 2.737873 seconds.
  path: Assets/Tilemap/House and stuff.prefab
  artifactKey: Guid(fcf2d750f593048a2b209eada1a92b25) Importer(815301076,1909f56bfc062723c751e8b465ee728b)
Start importing Assets/Tilemap/House and stuff.prefab using Guid(fcf2d750f593048a2b209eada1a92b25) Importer(815301076,1909f56bfc062723c751e8b465ee728b)  -> (artifact id: '19677af1f32824218734680ec20515f0') in 0.278204 seconds 
  Import took 0.284261 seconds .

========================================================================
Received Import Request.
  Time since last request: 958.919845 seconds.
  path: Assets/Tilemap/House and stuff.prefab
  artifactKey: Guid(fcf2d750f593048a2b209eada1a92b25) Importer(815301076,1909f56bfc062723c751e8b465ee728b)
Start importing Assets/Tilemap/House and stuff.prefab using Guid(fcf2d750f593048a2b209eada1a92b25) Importer(815301076,1909f56bfc062723c751e8b465ee728b)  -> (artifact id: 'df0b664f1f0d4f1787ca57462fe4d100') in 0.307121 seconds 
  Import took 0.635559 seconds .

========================================================================
Received Import Request.
  Time since last request: 7.343510 seconds.
  path: Assets/Tilemap/Tilemap.png
  artifactKey: Guid(5011019f9ea8a46eab28a1d126ccabc6) Importer(815301076,1909f56bfc062723c751e8b465ee728b)
Start importing Assets/Tilemap/Tilemap.png using Guid(5011019f9ea8a46eab28a1d126ccabc6) Importer(815301076,1909f56bfc062723c751e8b465ee728b)  -> (artifact id: '80e7355faedcab90f7111351f7313bcc') in 0.247158 seconds 
  Import took 0.252653 seconds .

========================================================================
Received Import Request.
  Time since last request: 375.315496 seconds.
  path: Assets/Tilemap/Tilemap.png
  artifactKey: Guid(5011019f9ea8a46eab28a1d126ccabc6) Importer(815301076,1909f56bfc062723c751e8b465ee728b)
Start importing Assets/Tilemap/Tilemap.png using Guid(5011019f9ea8a46eab28a1d126ccabc6) Importer(815301076,1909f56bfc062723c751e8b465ee728b)  -> (artifact id: '7ed06deb1e1759f6c89b8fecaa29f0bb') in 0.188024 seconds 
  Import took 0.200147 seconds .

========================================================================
Received Import Request.
  Time since last request: 6.055181 seconds.
  path: Assets/Characters/Burb.psb
  artifactKey: Guid(601a47663eb8f473497f69fa424ec166) Importer(815301076,1909f56bfc062723c751e8b465ee728b)
Start importing Assets/Characters/Burb.psb using Guid(601a47663eb8f473497f69fa424ec166) Importer(815301076,1909f56bfc062723c751e8b465ee728b)  -> (artifact id: '467eba9bdeb889d6e657fe1a6a5d78db') in 0.168319 seconds 
  Import took 0.175588 seconds .

========================================================================
Received Import Request.
  Time since last request: 382.982414 seconds.
  path: Assets/Burb_1.asset
  artifactKey: Guid(4b5c3e89b8e05464ba26511dd07b0699) Importer(815301076,1909f56bfc062723c751e8b465ee728b)
Start importing Assets/Burb_1.asset using Guid(4b5c3e89b8e05464ba26511dd07b0699) Importer(815301076,1909f56bfc062723c751e8b465ee728b)  -> (artifact id: '18b827c60eb9160554a00bba2a40e26b') in 0.430486 seconds 
  Import took 0.484055 seconds .

========================================================================
Received Prepare
Registering precompiled user dll's ...
Registered in 0.015354 seconds.
Begin MonoManager ReloadAssembly
Native extension for LinuxStandalone target not found
Native extension for WindowsStandalone target not found
Native extension for OSXStandalone target not found
Native extension for WebGL target not found
Refreshing native plugins compatible for Editor in 0.51 ms, found 3 plugins.
Preloading 0 native plugins for Editor in 0.00 ms.
Mono: successfully reloaded assembly
- Completed reload, in  2.680 seconds
Domain Reload Profiling:
	ReloadAssembly (2696ms)
		BeginReloadAssembly (578ms)
			ExecutionOrderSort (0ms)
			DisableScriptedObjects (45ms)
			BackupInstance (0ms)
			ReleaseScriptingObjects (0ms)
			CreateAndSetChildDomain (369ms)
		EndReloadAssembly (1962ms)
			LoadAssemblies (230ms)
			RebuildTransferFunctionScriptingTraits (0ms)
			SetupTypeCache (767ms)
			ReleaseScriptCaches (1ms)
			RebuildScriptCaches (102ms)
			SetupLoadedEditorAssemblies (666ms)
				LogAssemblyErrors (0ms)
				InitializePlatformSupportModulesInManaged (9ms)
				SetLoadedEditorAssemblies (1ms)
				RefreshPlugins (1ms)
				BeforeProcessingInitializeOnLoad (157ms)
				ProcessInitializeOnLoadAttributes (490ms)
				ProcessInitializeOnLoadMethodAttributes (7ms)
				AfterProcessingInitializeOnLoad (2ms)
				EditorAssembliesLoaded (0ms)
			ExecutionOrderSort2 (0ms)
			AwakeInstancesAfterBackupRestoration (21ms)
Platform modules already initialized, skipping
Refreshing native plugins compatible for Editor in 0.87 ms, found 3 plugins.
Preloading 0 native plugins for Editor in 0.00 ms.
Unloading 2082 Unused Serialized files (Serialized files now loaded: 0)
System memory in use before: 218.7 MB.
System memory in use after: 218.9 MB.

Unloading 16 unused Assets to reduce memory usage. Loaded Objects now: 2595.
Total: 3.599930 ms (FindLiveObjects: 0.318067 ms CreateObjectMapping: 0.094555 ms MarkObjects: 3.158187 ms  DeleteObjects: 0.028045 ms)

AssetImportParameters requested are different than current active one (requested -> active):
  custom:video-decoder-ogg-theora: a1e56fd34408186e4bbccfd4996cb3dc -> 
  custom:container-muxer-webm: aa71ff27fc2769a1b78a27578f13a17b -> 
  custom:container-demuxer-webm: 4f35f7cbe854078d1ac9338744f61a02 -> 
  custom:container-demuxer-ogg: 62fdf1f143b41e24485cea50d1cbac27 -> 
  custom:video-encoder-webm-vp8: eb34c28f22e8b96e1ab97ce403110664 -> 
  custom:framework-osx-AVFoundation: e770b220cccbd017edd2c1fefb359320 -> 
  custom:video-decoder-webm-vp8: 9c59270c3fd7afecdb556c50c9e8de78 -> 
  custom:audio-decoder-ogg-vorbis: bf7c407c2cedff20999df2af8eb42d56 -> 
  custom:audio-encoder-webm-vorbis: bf7c407c2cedff20999df2af8eb42d56 -> 
========================================================================
Received Import Request.
  Time since last request: 452.104940 seconds.
  path: Assets/RuleTiles
  artifactKey: Guid(dc12011812bdb4bf0b20237115d617ba) Importer(815301076,1909f56bfc062723c751e8b465ee728b)
Start importing Assets/RuleTiles using Guid(dc12011812bdb4bf0b20237115d617ba) Importer(815301076,1909f56bfc062723c751e8b465ee728b)  -> (artifact id: 'be7ec1f491ebb026474b0e1171146a98') in 0.012349 seconds 
  Import took 0.018991 seconds .

========================================================================
Received Import Request.
  Time since last request: 232.428136 seconds.
  path: Assets/RuleTiles/New Physics Material 2D.physicsMaterial2D
  artifactKey: Guid(340bb436062f4483bbb77a935f47dd21) Importer(815301076,1909f56bfc062723c751e8b465ee728b)
Start importing Assets/RuleTiles/New Physics Material 2D.physicsMaterial2D using Guid(340bb436062f4483bbb77a935f47dd21) Importer(815301076,1909f56bfc062723c751e8b465ee728b)  -> (artifact id: '8ecd7ade1ca8682d981794d508843009') in 0.629174 seconds 
  Import took 0.636782 seconds .

========================================================================
Received Import Request.
  Time since last request: 17.929561 seconds.
  path: Assets/RuleTiles/Square.png
  artifactKey: Guid(cafdfe4a7e2564600bb196cad238ac65) Importer(815301076,1909f56bfc062723c751e8b465ee728b)
Start importing Assets/RuleTiles/Square.png using Guid(cafdfe4a7e2564600bb196cad238ac65) Importer(815301076,1909f56bfc062723c751e8b465ee728b)  -> (artifact id: 'b588ed74995683ff0fb93418b4c91fdf') in 0.128424 seconds 
  Import took 0.134943 seconds .

========================================================================
Received Import Request.
  Time since last request: 108.973350 seconds.
  path: Assets/RuleTiles/Sprite Shape Profile.asset
  artifactKey: Guid(8307a14686d234855823feb662d80555) Importer(815301076,1909f56bfc062723c751e8b465ee728b)
Start importing Assets/RuleTiles/Sprite Shape Profile.asset using Guid(8307a14686d234855823feb662d80555) Importer(815301076,1909f56bfc062723c751e8b465ee728b)  -> (artifact id: '19e04a586ac1f8a940af81d7fd4bd058') in 0.025122 seconds 
  Import took 0.031518 seconds .

========================================================================
Received Import Request.
  Time since last request: 14.603314 seconds.
  path: Assets/RuleTiles/Rectangular Palette.prefab
  artifactKey: Guid(978450bf82f6a4d8994246506fefca28) Importer(815301076,1909f56bfc062723c751e8b465ee728b)
Start importing Assets/RuleTiles/Rectangular Palette.prefab using Guid(978450bf82f6a4d8994246506fefca28) Importer(815301076,1909f56bfc062723c751e8b465ee728b)  -> (artifact id: '9fd2550005f84356e999c3b7cd9fc791') in 0.105215 seconds 
  Import took 0.112861 seconds .

========================================================================
Received Import Request.
  Time since last request: 5420.501176 seconds.
  path: Assets/RuleTiles/Square.png
  artifactKey: Guid(b7b104baf2d4146fa848e6955360ec33) Importer(815301076,1909f56bfc062723c751e8b465ee728b)
Start importing Assets/RuleTiles/Square.png using Guid(b7b104baf2d4146fa848e6955360ec33) Importer(815301076,1909f56bfc062723c751e8b465ee728b)  -> (artifact id: 'ebaa197a23f195e822dccf0ad085aab8') in 0.274535 seconds 
  Import took 0.471060 seconds .

========================================================================
Received Import Request.
  Time since last request: 156.942027 seconds.
  path: Assets/RuleTiles/Rule tiles.prefab
  artifactKey: Guid(9c9304cf113bd4e1aa0b8c15550f4827) Importer(815301076,1909f56bfc062723c751e8b465ee728b)
Start importing Assets/RuleTiles/Rule tiles.prefab using Guid(9c9304cf113bd4e1aa0b8c15550f4827) Importer(815301076,1909f56bfc062723c751e8b465ee728b)  -> (artifact id: '2867dd6dec4d76f9b3438e9d656e9ed6') in 0.302727 seconds 
  Import took 0.319293 seconds .

